{
  "timestamp": "2025-09-05T12:25:48.340Z",
  "project": "The Final",
  "totalCredits": 6,
  "processedCredits": 6,
  "successfulCredits": 1,
  "failedCredits": 5,
  "missingPeople": [
    {
      "position": "Director",
      "personName": "Santiago Carrasquilla",
      "status": "not_found"
    },
    {
      "position": "Director",
      "personName": "Nick Apple",
      "status": "not_found"
    },
    {
      "position": "Airbrush Paintings",
      "personName": "Nick Apple",
      "status": "not_found"
    },
    {
      "position": "Editor",
      "personName": "Camilo Ojeda",
      "status": "not_found"
    },
    {
      "position": "Editor",
      "personName": "Santiago Carrasquilla",
      "status": "not_found"
    },
    {
      "position": "Editor",
      "personName": "Fabian Palacios V.",
      "status": "not_found"
    },
    {
      "position": "Design",
      "personName": "Agua Studio",
      "status": "not_found"
    },
    {
      "position": "Color Grade",
      "personName": "Jorge Velandia",
      "status": "not_found"
    }
  ],
  "details": [
    {
      "position": "Director",
      "personName": "Santiago Carrasquilla",
      "status": "not_found"
    },
    {
      "position": "Director",
      "personName": "Nick Apple",
      "status": "not_found"
    },
    {
      "position": "Airbrush Paintings",
      "personName": "Nick Apple",
      "status": "not_found"
    },
    {
      "position": "Editor",
      "personName": "Camilo Ojeda",
      "status": "not_found"
    },
    {
      "position": "Editor",
      "personName": "Santiago Carrasquilla",
      "status": "not_found"
    },
    {
      "position": "Editor",
      "personName": "Fabian Palacios V.",
      "status": "not_found"
    },
    {
      "position": "Design",
      "personName": "Agua Studio",
      "status": "not_found"
    },
    {
      "position": "Color Grade",
      "personName": "Jorge Velandia",
      "status": "not_found"
    },
    {
      "position": "Audio Mix",
      "personName": "Oro Studio",
      "status": "found",
      "personId": "aLrTDhEAACIAfcSK",
      "matchedName": "oro studio"
    }
  ]
}